============================= test session starts =============================
platform win32 -- Python 3.12.8, pytest-9.1.1, pluggy-1.6.0 -- C:\Users\DELL\Documents\Projects\batchguard\.venv\Scripts\python.exe
rootdir: C:\Users\DELL\Documents\Projects\batchguard
configfile: pytest.ini
testpaths: tests
plugins: anyio-4.15.1, base-url-2.1.0, playwright-0.9.0
collecting ... collected 17 items

tests/test_oq.py::test_frs01_login_locks_after_three_failures PASSED     [  5%]
tests/test_oq.py::test_frs02_roles_are_enforced PASSED                   [ 11%]
tests/test_oq.py::test_frs03_entries_are_attributable_and_contemporaneous PASSED [ 17%]
tests/test_oq.py::test_frs04_out_of_spec_value_raises_deviation PASSED   [ 23%]
tests/test_oq.py::test_frs05_corrections_keep_the_original_and_need_a_reason PASSED [ 29%]
tests/test_oq.py::test_frs06_signature_requires_password_and_records_name_time_meaning PASSED [ 35%]
tests/test_oq.py::test_frs07_two_person_rule PASSED                      [ 41%]
tests/test_oq.py::test_frs08_release_blocked_until_complete_verified_and_deviations_closed PASSED [ 47%]
tests/test_oq.py::test_frs09_audit_trail_detects_tampering PASSED        [ 52%]
tests/test_oq.py::test_frs10_released_batch_is_locked PASSED             [ 58%]
tests/test_oq.py::test_frs11_alcoa_report PASSED                         [ 64%]
tests/test_oq.py::test_frs12_deviation_closure_needs_qa_signature_and_summary PASSED [ 70%]
tests/test_web.py::test_pq_full_batch_lifecycle PASSED                   [ 76%]
tests/test_web.py::test_ui_blocks_actions_outside_role PASSED            [ 82%]
tests/test_web.py::test_unauthenticated_users_are_redirected PASSED      [ 88%]
tests/ui/test_playwright_pq.py::test_pq_ui_batch_lifecycle_with_screenshots[chromium] PASSED [ 94%]
tests/ui/test_playwright_pq.py::test_pq_ui_lockout_after_three_failed_logins[chromium] PASSED [100%]

============================== warnings summary ===============================
.venv\Lib\site-packages\fastapi\testclient.py:1
  C:\Users\DELL\Documents\Projects\batchguard\.venv\Lib\site-packages\fastapi\testclient.py:1: StarletteDeprecationWarning: Using `httpx` with `starlette.testclient` is deprecated; install `httpx2` instead.
    from starlette.testclient import TestClient as TestClient  # noqa

-- Docs: https://docs.pytest.org/en/stable/how-to/capture-warnings.html
======================= 17 passed, 1 warning in 23.01s ========================
